
> starter@1.0.0 e2e:base D:\Rice_U\COMP531\class-demo\mocking2
> mocha --opts e2e/mocha.opts e2e/*.spec.js "--reporter" "xunit"

<testsuite name="Mocha Tests" tests="3" failures="0" errors="0" skipped="0" timestamp="Fri, 07 Oct 2016 05:59:51 GMT" time="10.751">
<testcase classname="Test Dummy Server Example Page" name="should log in as the test user" time="0.548"/>
<testcase classname="Test Dummy Server Example Page" name="Update the headline and verify the change" time="1.314"/>
<testcase classname="shutdown" name="now" time="2.357"/>
</testsuite>
